卷 dodong_2 的文件夹 PATH 列表
卷序列号为 547F-7D5D
I:\STUDY\SOURCE
├─Download
│  ├─src.cool
│  ├─已经下载
│  │  ├─Quiz
│  │  ├─圣剑圣域
│  │  │  └─2016圣剑圣域
│  │  ├─大唐豪侠
│  │  ├─天龙八部2全套源码
│  │  ├─太极熊猫
│  │  │  └─2016太极熊猫
│  │  ├─御剑
│  │  │  └─2017 御剑msgserver源码
│  │  ├─战神九天
│  │  │  └─2016战神九天
│  │  ├─明朝江湖
│  │  │  └─2016明朝江湖
│  │  ├─星座物语
│  │  │  ├─2016星座物语
│  │  │  └─星座物语
│  │  ├─末日浩劫之歌
│  │  ├─永恒冒险
│  │  │  └─2016 grand
│  │  ├─烈焰
│  │  ├─热血军团
│  │  │  └─u3d 热血军团
│  │  ├─秦时明月
│  │  ├─突袭风暴
│  │  │  └─FPS游戏《突袭风暴》完整源码（服务端+客户端+数据库）
│  │  ├─笑天宫
│  │  ├─英雄之城2
│  │  │  └─2016_yxzc2
│  │  ├─英雄联盟
│  │  ├─落仙传
│  │  │  └─2016落仙传
│  │  ├─闯三国
│  │  │  └─闯三国
│  │  ├─魔剑之刃
│  │  │  └─Unity 3D动作手游《魔剑之刃》源码+资源
│  │  │      └─jmzr
│  │  └─龙骑战歌
│  │      └─解压密码123
│  ├─旧的
│  │  ├─java
│  │  ├─ro仙境传说
│  │  ├─书籍 代码
│  │  ├─其他
│  │  │  ├─firecell
│  │  │  ├─WOWEMU-ASCENT-2.4.3
│  │  │  ├─十二之天2贰OL全套源码(客户端+服务端)
│  │  │  └─小游戏
│  │  ├─剑侠情缘网络版
│  │  ├─天堂
│  │  │  ├─天堂1
│  │  │  └─天堂2
│  │  ├─太极熊猫
│  │  ├─完美世界
│  │  │  └─神魔大陆
│  │  ├─无冬之夜
│  │  │  └─NWO
│  │  ├─永恒之塔
│  │  ├─网易
│  │  │  └─大唐豪侠
│  │  ├─网络创世纪
│  │  ├─翎风全套代码
│  │  ├─自制服务器
│  │  ├─英雄传说2
│  │  ├─高品质
│  │  │  ├─同种 天龙
│  │  │  │  └─天龙八部
│  │  │  │      └─如意小子
│  │  │  └─网狐
│  │  │      ├─6603
│  │  │      │  └─6603全套源码
│  │  │      │      └─架设视频
│  │  │      └─荣耀
│  │  │          ├─2017网狐
│  │  │          │  ├─整理好了的包
│  │  │          │  └─网狐荣耀
│  │  │          ├─网狐101系统模块
│  │  │          └─网狐荣耀
│  │  │              ├─316游戏中心版本完整棋牌源码
│  │  │              ├─带密码的荣耀
│  │  │              ├─荣耀开发环境
│  │  │              │  └─Soft
│  │  │              └─荣耀教程
│  │  │                  └─网狐荣耀教程录像
│  │  ├─魔兽世界
│  │  │  ├─mangos
│  │  │  │  ├─mangos old
│  │  │  │  ├─mangos zero
│  │  │  │  └─工具
│  │  │  └─TrinityCore
│  │  └─魔兽争霸
│  ├─正在下载
│  ├─精品源码
│  │  ├─三国吧兄弟
│  │  ├─兵器
│  │  │  └─2016兵器
│  │  ├─君天下OL
│  │  ├─圣剑神域
│  │  │  ├─圣剑神域
│  │  │  └─圣剑神域源码+开区端
│  │  ├─地城之光
│  │  ├─城市猎人
│  │  ├─天黑请闭眼
│  │  ├─战火红色警戒
│  │  ├─梦幻蜀山
│  │  ├─梦梦online
│  │  ├─疾风勇者传
│  │  ├─红途
│  │  └─街头篮球
│  │      ├─2016街头篮球
│  │      └─街头篮球
│  └─综合源码
│      ├─ACEOnline
│      ├─不良人18
│      ├─为了部落
│      ├─倾国倾城
│      ├─傲视千雄
│      ├─六大门派源码
│      ├─凡人修真2
│      ├─剑网3
│      ├─十二之天2贰OL全套源码(客户端+服务端)
│      ├─古羌传奇
│      ├─完美国际
│      ├─指尖帝王
│      ├─暗黑3
│      ├─火影堂忍影堂
│      ├─焚天之怒
│      │  └─ftzn
│      ├─网游创世纪
│      ├─英雄之城2
│      ├─赛尔无限
│      └─超级明星Online
├─gamesource
├─引擎
│  └─Unity
│      ├─Unity4.3.1f1
│      ├─Unity4.7.1f1
│      └─工具
│          └─资源查看工具
├─手游
│  ├─发布版本
│  │  └─宿命契约
│  ├─服务器c
│  │  ├─U3d仙剑奇侠传
│  │  ├─乐战西游
│  │  ├─地牢猎人2
│  │  ├─天龙3D 失效
│  │  ├─无间狱
│  │  ├─暗黑战神
│  │  │  └─暗黑战神
│  │  ├─末日战歌
│  │  │  ├─src.cool
│  │  │  └─《末日战歌》源码
│  │  ├─混沌与秩序
│  │  ├─神之觉醒
│  │  ├─神启
│  │  ├─超级赛亚人
│  │  ├─降临OL
│  │  │  └─jianglingzhe
│  │  └─龙门镖局
│  ├─服务器csharp
│  │  └─烈焰之刃
│  ├─服务器erlang
│  │  └─小师妹
│  │      ├─shimei
│  │      ├─src.cool
│  │      ├─小师妹另一套源码
│  │      └─服务端缺失文件
│  ├─服务器java
│  │  ├─全民奇迹MU
│  │  ├─全民挂机
│  │  ├─封魔
│  │  ├─战蜀山
│  │  ├─搞基三国 指尖q将
│  │  ├─梦想海贼王
│  │  │  ├─2016mxhzw
│  │  │  ├─src.cool
│  │  │  ├─梦想海贼王
│  │  │  └─草帽船长(梦想海贼王)-coco2dx
│  │  ├─烈焰遮天
│  │  ├─青云志
│  │  └─黑刃2
│  └─服务器python
│      └─天神传
├─手游卡牌
│  ├─服务器c
│  │  ├─刀了个塔
│  │  │  └─刀了个塔
│  │  │      └─文档
│  │  ├─十二生肖
│  │  │  ├─12生肖可编译可运行
│  │  │  ├─2016-12生肖
│  │  │  │  └─新的
│  │  │  ├─src.cool
│  │  │  └─新的
│  │  └─天天幻灵
│  ├─服务器java
│  │  ├─众神之光
│  │  │  ├─众神之光
│  │  │  └─众神之光2
│  │  ├─口袋桃园
│  │  ├─武侠大宗师 失效
│  │  └─魔兽传奇
│  └─服务器php
│      ├─刀塔传奇
│      └─天天问西游
├─手游回合制
│  ├─服务器c
│  │  └─风暴战争
│  ├─服务器csharp
│  │  └─变身吧主公
│  ├─服务器java
│  │  └─魔域英雄
│  │      └─魔域英雄
│  └─服务器python
│      └─指点真龙
├─手游对战
│  └─服务器c
│      └─最后一战
│          ├─src.cool
│          ├─手游最后一战源码
│          │  └─架设教程
│          └─最后一战MOBA源码
├─手游横版格斗
│  ├─服务器erlang
│  │  └─拳皇咆哮
│  │      └─《拳皇咆哮》Cocos2dx 横版动作手游全套源码 + 资源 + 数据库
│  ├─服务器php
│  │  └─乱世之刃
│  └─没有服务器
│      └─街机拳皇
├─手游益智
│  ├─只有客户端
│  │  └─黄金矿工萌西游
│  └─服务器c
│      ├─摩卡世界
│      └─梦幻庄园
├─手游策略
│  ├─服务器c
│  │  └─王国霸主
│  ├─服务器go
│  │  └─斗破三国
│  └─服务器java
│      └─部落战争
├─端游
│  ├─服务器c
│  │  ├─KOK万王之王
│  │  ├─QQ西游
│  │  │  └─QQ西游全套源码
│  │  ├─七龙珠
│  │  │  └─客服端
│  │  ├─乌龙学院
│  │  ├─九龙争霸
│  │  ├─书剑恩仇录
│  │  ├─仙剑神曲
│  │  ├─伊达传说
│  │  ├─众神之战
│  │  ├─传奇3
│  │  ├─佣兵天下
│  │  │  ├─src.cool
│  │  │  └─佣兵天下
│  │  │      └─佣兵天下OL整套完整源码+资源+详细编译教程+UI编辑器可全部编译通过可二次开发换皮
│  │  │          └─界面编辑器
│  │  ├─使命ol
│  │  ├─六道
│  │  ├─决战NEO
│  │  ├─凤舞天骄
│  │  ├─刀Online（Kal Online）
│  │  ├─创神传
│  │  ├─剑侠时代
│  │  ├─卓越之剑
│  │  ├─墨香
│  │  │  └─墨香的完整服务端源代码
│  │  ├─大宋豪侠传
│  │  ├─大秦
│  │  ├─大话战国
│  │  ├─天之炼狱
│  │  ├─天机Online
│  │  ├─天空之剑
│  │  ├─奇迹2MUX
│  │  ├─奇迹世界sun
│  │  ├─奇迹传说
│  │  ├─密传
│  │  ├─将军令
│  │  ├─山海志
│  │  ├─巨商
│  │  ├─帝国传奇
│  │  ├─幻想学园
│  │  ├─征三国
│  │  │  └─2016征三国一键端+客户端+架设教程+修改教程【亲测】
│  │  ├─征途
│  │  │  ├─征途-1
│  │  │  └─征途-2
│  │  ├─成吉思汗
│  │  ├─日月传说ONLINE
│  │  ├─时空之泪
│  │  ├─明月飞仙
│  │  ├─星球大战ol
│  │  ├─晶铁之门
│  │  ├─曙光之城
│  │  ├─最游记
│  │  │  ├─2016最游记
│  │  │  └─src.cool
│  │  ├─梦幻情天
│  │  ├─梦幻昆仑
│  │  ├─梦幻龙族
│  │  ├─武侠世界2
│  │  │  ├─src.cool
│  │  │  ├─武侠世界
│  │  │  │  ├─Documents
│  │  │  │  ├─wxsj2.part01.rar-[压缩包]C华为网盘 资源共享-文件备份-免费网络硬盘_files
│  │  │  │  ├─武侠世界2-健壮性 - 897371388 - ITeye技术网站_files
│  │  │  │  └─武侠世界2成功运行[转] - tfn2008@yeah的日志 - 网易博客_files
│  │  │  └─武侠世界2
│  │  ├─武侠无双
│  │  ├─江山Online
│  │  ├─灭神OL
│  │  ├─热血昆仑
│  │  ├─热血江湖
│  │  ├─独孤九剑
│  │  ├─猎灵
│  │  │  └─猎灵
│  │  ├─猛将OL
│  │  ├─白蛇传
│  │  ├─盛世OL
│  │  ├─瞳光
│  │  ├─石器时代2
│  │  ├─神仙传
│  │  ├─神奇Online
│  │  │  └─神奇Online源码
│  │  ├─神界
│  │  ├─神谕之战
│  │  ├─神魔传奇
│  │  ├─科隆
│  │  ├─童梦
│  │  ├─红楼Q梦
│  │  │  └─红楼Q梦
│  │  ├─绝对女神
│  │  ├─罗德岛战记
│  │  ├─群龙默示录
│  │  │  └─六月网络《群龙默示录_3.0.1601》客户端下载
│  │  ├─聊斋OL
│  │  │  └─聊斋
│  │  ├─苍天
│  │  ├─蛋清OL
│  │  ├─蜀山神话
│  │  ├─西游3 失效
│  │  ├─西西三国
│  │  ├─超神传
│  │  ├─辉煌OL
│  │  ├─远征
│  │  ├─问天
│  │  ├─露娜
│  │  ├─露娜2
│  │  ├─青城Online
│  │  ├─预言OL
│  │  │  ├─2016预言OL
│  │  │  └─src.cool
│  │  ├─风火之旅
│  │  ├─飞飞online
│  │  ├─骑士OL
│  │  ├─魔咒
│  │  ├─魔域世界
│  │  ├─魔神争霸
│  │  ├─龙ol
│  │  ├─龙心传奇
│  │  └─龙腾世界
│  ├─服务器csharp
│  │  ├─剑灵
│  │  ├─幻想国度
│  │  └─弹弹堂
│  ├─服务器erlang
│  ├─服务器java
│  └─没有服务器
│      ├─岐山
│      │  └─岐山
│      ├─星尘传说
│      │  └─解压密码 ggmart
│      ├─神鬼世界
│      └─红颜
├─端游休闲
│  └─服务器c
│      ├─乐逗家园
│      ├─燃烧战车
│      ├─疯狂派对
│      └─野菜部落
├─端游回合制
│  └─服务器c
│      ├─梦幻古龙
│      ├─梦幻聊斋
│      └─轩辕仙境
├─端游对战
│  └─服务器c
│      ├─QQ英雄岛
│      └─龙状元
├─端游射击游戏
│  └─服务器c
│      ├─军魂（MKZ）
│      ├─突击风暴
│      └─突袭OL
├─端游格斗
│  └─服务器c
│      ├─乱OL
│      ├─天空号角
│      ├─狂刃
│      └─猎魂
│          └─猎魂
├─端游横版动作
│  └─服务器c
│      └─猛将传OL
├─端游热舞
│  └─服务器c
│      └─炫舞吧II
├─端游策略
│  └─服务器c
│      ├─星际文明
│      └─海之乐章
├─端游篮球
│  └─服务器c
│      └─劲爆篮球
├─端游赛车
│  └─服务器c
│      └─QQ飞车
├─端游足球
│  └─服务器c
│      ├─xkick足球
│      └─红牌
├─页游
│  ├─服务器asp
│  │  └─逍遥江湖
│  ├─服务器c
│  │  ├─古剑奇侠
│  │  │  └─古剑奇侠
│  │  ├─唐门
│  │  ├─大神传
│  │  ├─天龙诀
│  │  ├─屠龙OL
│  │  ├─幻想物语
│  │  ├─御剑江湖
│  │  │  └─御剑江湖
│  │  ├─惊天战神
│  │  ├─斩仙录
│  │  ├─烈火战神
│  │  │  └─烈火战神
│  │  │      └─烈火战神GM工具
│  │  ├─盗梦侠
│  │  ├─笑傲仙侠
│  │  ├─第六世界
│  │  ├─逗仙
│  │  └─魔域
│  ├─服务器csharp
│  │  └─天地风云
│  ├─服务器erlang
│  │  ├─仙落凡尘
│  │  ├─八荒纪元
│  │  ├─英雄远征
│  │  └─远古封神
│  │      └─src.cool
│  ├─服务器java
│  │  ├─九天OL
│  │  ├─刀剑无双
│  │  ├─古剑奇谭
│  │  ├─天纪
│  │  ├─明珠三国
│  │  ├─盘龙神墓记
│  │  ├─秦美人
│  │  ├─遮天2
│  │  └─问仙ONLINE
│  └─服务器php
│      ├─兜兜战
│      └─暗黑修仙
├─页游休闲
│  ├─服务器erlang
│  │  └─新商盟
│  └─服务器未知
│      └─快乐功夫
├─页游回合制
│  ├─服务器c
│  │  ├─梦幻之城
│  │  └─神战九天
│  └─没有服务器
│      └─魔力学堂
├─页游时时彩
│  └─服务器php
│      └─威尼斯人
├─页游横版
│  └─服务器java
│      └─火影堂
└─页游策略
    ├─服务器c
    │  ├─九州世界
    │  │  └─2016 九州世界分析
    │  │      └─编译端
    │  │          └─jz_code
    │  ├─宫心计
    │  └─魔法风云
    ├─服务器java
    │  └─征战四方
    └─服务器php
        ├─征战三国
        └─战三国
            ├─src.cool
            └─战三国
